2025-03-09 20:45:21 - Array
(
    [user_id] => 2
    [user_name] => Jane Smith
    [user_email] => jane.smith@gmail.com
    [role] => HR
)

2025-03-09 20:50:37 - Array
(
    [user_id] => 8
    [user_name] => Smith H
    [user_email] => smith.h@gmail.com
    [role] => User
)

2025-03-09 20:50:58 - Array
(
    [user_id] => 7
    [user_name] => Mark B
    [user_email] => mark.b@gmail.com
    [role] => User
)

2025-03-09 20:57:50 - Array
(
    [user_id] => 2
    [user_name] => Jane Smith
    [user_email] => jane.smith@gmail.com
    [role] => HR
)

